Using pre-set license

 COMMAND LINE ARGUMENTS:
/Applications/Unity/Hub/Editor/2020.2.6f1/Unity.app/Contents/MacOS/Unity
-adb2
-batchMode
-noUpm
-name
AssetImportWorker0
-projectPath
/Users/Siobhan/Documents/TU/Games Systems/Game-Tools-Intro/ProbuilderTutotial
-logFile
Logs/AssetImportWorker0.log
-srvPort
51565
Successfully changed project path to: /Users/Siobhan/Documents/TU/Games Systems/Game-Tools-Intro/ProbuilderTutotial
/Users/Siobhan/Documents/TU/Games Systems/Game-Tools-Intro/ProbuilderTutotial
Using Asset Import Pipeline V2.
Refreshing native plugins compatible for Editor in 77.10 ms, found 1 plugins.
Preloading 0 native plugins for Editor in 0.00 ms.
Initialize engine version: 2020.2.6f1 (8a2143876886)
[Subsystems] Discovering subsystems at path /Applications/Unity/Hub/Editor/2020.2.6f1/Unity.app/Contents/Resources/UnitySubsystems
[Subsystems] Discovering subsystems at path /Users/Siobhan/Documents/TU/Games Systems/Game-Tools-Intro/ProbuilderTutotial/Assets
GfxDevice: creating device client; threaded=0
2021-02-24 11:26:53.033 Unity[18265:380936] Color LCD preferred device: Intel HD Graphics 4000 (low power)
2021-02-24 11:26:53.033 Unity[18265:380936] Metal devices available: 1
2021-02-24 11:26:53.033 Unity[18265:380936] 0: Intel HD Graphics 4000 (low power)
2021-02-24 11:26:53.034 Unity[18265:380936] Using device Intel HD Graphics 4000 (low power)
Initializing Metal device caps: Intel HD Graphics 4000
Initialize mono
Mono path[0] = '/Applications/Unity/Hub/Editor/2020.2.6f1/Unity.app/Contents/Managed'
Mono path[1] = '/Applications/Unity/Hub/Editor/2020.2.6f1/Unity.app/Contents/MonoBleedingEdge/lib/mono/unityjit'
Mono config path = '/Applications/Unity/Hub/Editor/2020.2.6f1/Unity.app/Contents/MonoBleedingEdge/etc'
Using monoOptions --debugger-agent=transport=dt_socket,embedding=1,server=y,suspend=n,address=127.0.0.1:56265
Begin MonoManager ReloadAssembly
Registering precompiled unity dll's ...
Register platform support module: /Applications/Unity/Hub/Editor/2020.2.6f1/PlaybackEngines/WebGLSupport/UnityEditor.WebGL.Extensions.dll
Register platform support module: /Applications/Unity/Hub/Editor/2020.2.6f1/Unity.app/Contents/PlaybackEngines/MacStandaloneSupport/UnityEditor.OSXStandalone.Extensions.dll
Register platform support module: /Applications/Unity/Hub/Editor/2020.2.6f1/PlaybackEngines/WindowsStandaloneSupport/UnityEditor.WindowsStandalone.Extensions.dll
Registered in 0.011017 seconds.
Native extension for WindowsStandalone target not found
Native extension for OSXStandalone target not found
Native extension for WebGL target not found
Refreshing native plugins compatible for Editor in 141.13 ms, found 1 plugins.
Preloading 0 native plugins for Editor in 0.00 ms.
Invoked RoslynAnalysisRunner static constructor.
RoslynAnalysisRunner will not be running.
RoslynAnalysisRunner has terminated.
Mono: successfully reloaded assembly
- Completed reload, in 16.645 seconds
Platform modules already initialized, skipping
Registering precompiled user dll's ...
Registered in 0.002047 seconds.
Begin MonoManager ReloadAssembly
Native extension for WindowsStandalone target not found
Native extension for OSXStandalone target not found
Native extension for WebGL target not found
Refreshing native plugins compatible for Editor in 0.59 ms, found 1 plugins.
Preloading 0 native plugins for Editor in 0.00 ms.
Invoked RoslynAnalysisRunner static constructor.
RoslynAnalysisRunner will not be running.
RoslynAnalysisRunner has terminated.
Mono: successfully reloaded assembly
- Completed reload, in  3.108 seconds
Platform modules already initialized, skipping
========================================================================
Worker process is ready to serve import requests
Launching external process: /Applications/Unity/Hub/Editor/2020.2.6f1/Unity.app/Contents/Tools/UnityShaderCompiler
Launched and connected shader compiler UnityShaderCompiler after 0.04 seconds
Refreshing native plugins compatible for Editor in 0.41 ms, found 1 plugins.
Preloading 0 native plugins for Editor in 0.00 ms.
Unloading 1499 Unused Serialized files (Serialized files now loaded: 0)
System memory in use before: 131.4 MB.
System memory in use after: 131.4 MB.

Unloading 70 unused Assets to reduce memory usage. Loaded Objects now: 1933.
Total: 3.826352 ms (FindLiveObjects: 0.363542 ms CreateObjectMapping: 0.079466 ms MarkObjects: 3.137162 ms  DeleteObjects: 0.243319 ms)

========================================================================
Received Import Request.
  path: Assets/Default.mat
  artifactKey: Guid(894f44de2a5e844e88d6142fbb8a2bca) Importer(815301076,1909f56bfc062723c751e8b465ee728b)
Start importing Assets/Default.mat using Guid(894f44de2a5e844e88d6142fbb8a2bca) Importer(815301076,1909f56bfc062723c751e8b465ee728b)  -> (artifact id: 'ab6bf2dc18ff8c77a5efb7db44a29de9') in 1.037376 seconds
  Import took 1.041782 seconds .

========================================================================
Received Import Request.
  Time since last request: 291.838075 seconds.
  path: Assets/New Material.mat
  artifactKey: Guid(01b304a62978c4976ac3120ef67b2eee) Importer(815301076,1909f56bfc062723c751e8b465ee728b)
Start importing Assets/New Material.mat using Guid(01b304a62978c4976ac3120ef67b2eee) Importer(815301076,1909f56bfc062723c751e8b465ee728b)  -> (artifact id: '468187943c9ddff1f0097ee3b84c52c9') in 0.045446 seconds
  Import took 0.055793 seconds .

========================================================================
Received Import Request.
  Time since last request: 39.777115 seconds.
  path: Packages/com.unity.probuilder/Content/Shader/DiffuseTextureBlend.shader
  artifactKey: Guid(33cb4e8ff0c1d43ac8ec40692656c7ed) Importer(815301076,1909f56bfc062723c751e8b465ee728b)
Start importing Packages/com.unity.probuilder/Content/Shader/DiffuseTextureBlend.shader using Guid(33cb4e8ff0c1d43ac8ec40692656c7ed) Importer(815301076,1909f56bfc062723c751e8b465ee728b)  -> (artifact id: '1369d514ea379e43547ea115b3106f8e') in 0.594600 seconds
  Import took 0.607654 seconds .

========================================================================
Received Import Request.
  Time since last request: 106.816514 seconds.
  path: Packages/com.unity.probuilder/Content/Shader/StandardVertexColor.shader
  artifactKey: Guid(1ccecd9b89b8a4f14bfb64f29ddfcc81) Importer(815301076,1909f56bfc062723c751e8b465ee728b)
Start importing Packages/com.unity.probuilder/Content/Shader/StandardVertexColor.shader using Guid(1ccecd9b89b8a4f14bfb64f29ddfcc81) Importer(815301076,1909f56bfc062723c751e8b465ee728b)  -> (artifact id: '28b92a3136e5e3add38d7e194ba15922') in 0.012624 seconds
  Import took 0.021071 seconds .

========================================================================
Received Import Request.
  Time since last request: 0.058985 seconds.
  path: Packages/com.unity.probuilder/Content/Shader/StandardVertexColor.shader
  artifactKey: Guid(1ccecd9b89b8a4f14bfb64f29ddfcc81) Importer(815301076,1909f56bfc062723c751e8b465ee728b)
Start importing Packages/com.unity.probuilder/Content/Shader/StandardVertexColor.shader using Guid(1ccecd9b89b8a4f14bfb64f29ddfcc81) Importer(815301076,1909f56bfc062723c751e8b465ee728b)  -> (artifact id: '28b92a3136e5e3add38d7e194ba15922') in 0.008480 seconds
  Import took 0.017278 seconds .

========================================================================
Received Import Request.
  Time since last request: 8.881032 seconds.
  path: Packages/com.unity.probuilder/Content/Shader/TransparentOverlay.shader
  artifactKey: Guid(25b8a80cb03994c769145599929a5e97) Importer(815301076,1909f56bfc062723c751e8b465ee728b)
Start importing Packages/com.unity.probuilder/Content/Shader/TransparentOverlay.shader using Guid(25b8a80cb03994c769145599929a5e97) Importer(815301076,1909f56bfc062723c751e8b465ee728b)  -> (artifact id: 'b857fe60b2d15f79c8735b238788b151') in 0.009630 seconds
  Import took 0.024872 seconds .

========================================================================
Received Import Request.
  Time since last request: 0.721728 seconds.
  path: Packages/com.unity.probuilder/Content/Shader/UnlitSolidColor.shader
  artifactKey: Guid(24f9f312f97bd48dba1a728d58c89842) Importer(815301076,1909f56bfc062723c751e8b465ee728b)
Start importing Packages/com.unity.probuilder/Content/Shader/UnlitSolidColor.shader using Guid(24f9f312f97bd48dba1a728d58c89842) Importer(815301076,1909f56bfc062723c751e8b465ee728b)  -> (artifact id: 'ee4a245fdcc4331683137497acdb5e71') in 0.011048 seconds
  Import took 0.029312 seconds .

========================================================================
Received Import Request.
  Time since last request: 0.003631 seconds.
  path: Packages/com.unity.probuilder/Content/Shader/UnlitSolidColor.shader
  artifactKey: Guid(24f9f312f97bd48dba1a728d58c89842) Importer(815301076,1909f56bfc062723c751e8b465ee728b)
Start importing Packages/com.unity.probuilder/Content/Shader/UnlitSolidColor.shader using Guid(24f9f312f97bd48dba1a728d58c89842) Importer(815301076,1909f56bfc062723c751e8b465ee728b)  -> (artifact id: 'ee4a245fdcc4331683137497acdb5e71') in 0.031846 seconds
  Import took 0.040004 seconds .

========================================================================
Received Import Request.
  Time since last request: 1.389737 seconds.
  path: Packages/com.unity.probuilder/Content/Shader/UnlitVertexColor.shader
  artifactKey: Guid(35e778fba8b2b49a198d8d7cfced67eb) Importer(815301076,1909f56bfc062723c751e8b465ee728b)
Start importing Packages/com.unity.probuilder/Content/Shader/UnlitVertexColor.shader using Guid(35e778fba8b2b49a198d8d7cfced67eb) Importer(815301076,1909f56bfc062723c751e8b465ee728b)  -> (artifact id: '8adb67440878eb248547fb248c224286') in 0.012123 seconds
  Import took 0.020366 seconds .

========================================================================
Received Import Request.
  Time since last request: 0.823178 seconds.
  path: Packages/com.unity.probuilder/Content/Shader/VertexPicker.shader
  artifactKey: Guid(c26db15b9a2ed4b2ebefefd26ce85ae1) Importer(815301076,1909f56bfc062723c751e8b465ee728b)
Start importing Packages/com.unity.probuilder/Content/Shader/VertexPicker.shader using Guid(c26db15b9a2ed4b2ebefefd26ce85ae1) Importer(815301076,1909f56bfc062723c751e8b465ee728b)  -> (artifact id: '5f66f4645c9cb5aeb448e65bfa06ca93') in 0.013641 seconds
  Import took 0.020135 seconds .

========================================================================
Received Import Request.
  Time since last request: 72.828052 seconds.
  path: Packages/com.unity.probuilder/Content/Resources/Textures/GridBox_Default.png
  artifactKey: Guid(6344bf96fbda94141a525046d088fb23) Importer(815301076,1909f56bfc062723c751e8b465ee728b)
Start importing Packages/com.unity.probuilder/Content/Resources/Textures/GridBox_Default.png using Guid(6344bf96fbda94141a525046d088fb23) Importer(815301076,1909f56bfc062723c751e8b465ee728b)  -> (artifact id: '0cc3ca6a45d01bebadef07c126ee7202') in 0.759252 seconds
  Import took 0.767242 seconds .

========================================================================
Received Import Request.
  Time since last request: 0.007698 seconds.
  path: Packages/com.unity.probuilder/Content/Resources/Textures/GridBox_Default.png
  artifactKey: Guid(6344bf96fbda94141a525046d088fb23) Importer(815301076,1909f56bfc062723c751e8b465ee728b)
Start importing Packages/com.unity.probuilder/Content/Resources/Textures/GridBox_Default.png using Guid(6344bf96fbda94141a525046d088fb23) Importer(815301076,1909f56bfc062723c751e8b465ee728b)  -> (artifact id: '0cc3ca6a45d01bebadef07c126ee7202') in 0.009820 seconds
  Import took 0.016498 seconds .

========================================================================
Received Import Request.
  Time since last request: 69.407802 seconds.
  path: Assets/Z.mat
  artifactKey: Guid(d57b76f10df37452682634077b2f18c6) Importer(815301076,1909f56bfc062723c751e8b465ee728b)
Start importing Assets/Z.mat using Guid(d57b76f10df37452682634077b2f18c6) Importer(815301076,1909f56bfc062723c751e8b465ee728b)  -> (artifact id: 'bc175de4dfb469d9adfab199d9051a79') in 0.020093 seconds
  Import took 0.029112 seconds .

========================================================================
Received Import Request.
  Time since last request: 154.018739 seconds.
  path: Packages/com.unity.probuilder/Content/Material/Textures/GridBox_Collider.png
  artifactKey: Guid(7e4b97337334f42d2a700647fd938234) Importer(815301076,1909f56bfc062723c751e8b465ee728b)
Start importing Packages/com.unity.probuilder/Content/Material/Textures/GridBox_Collider.png using Guid(7e4b97337334f42d2a700647fd938234) Importer(815301076,1909f56bfc062723c751e8b465ee728b)  -> (artifact id: 'beb7c1611aac41493da16068b33f09df') in 0.018006 seconds
  Import took 0.026825 seconds .

========================================================================
Received Import Request.
  Time since last request: 0.000295 seconds.
  path: Packages/com.unity.probuilder/Content/Material/Textures/GridBox_NoDraw.png
  artifactKey: Guid(464ca14f3cfaf433582758afa13a9473) Importer(815301076,1909f56bfc062723c751e8b465ee728b)
Start importing Packages/com.unity.probuilder/Content/Material/Textures/GridBox_NoDraw.png using Guid(464ca14f3cfaf433582758afa13a9473) Importer(815301076,1909f56bfc062723c751e8b465ee728b)  -> (artifact id: '54f5540e5f4dcabe02fd962f69425f91') in 0.015585 seconds
  Import took 0.021449 seconds .

========================================================================
Received Import Request.
  Time since last request: 0.000343 seconds.
  path: Packages/com.unity.probuilder/Content/Material/Textures/GridBox_Trigger.png
  artifactKey: Guid(b3fd87e2e956e41b0b43f76bb50a4934) Importer(815301076,1909f56bfc062723c751e8b465ee728b)
Start importing Packages/com.unity.probuilder/Content/Material/Textures/GridBox_Trigger.png using Guid(b3fd87e2e956e41b0b43f76bb50a4934) Importer(815301076,1909f56bfc062723c751e8b465ee728b)  -> (artifact id: 'bbf3a9d6d31e3af88d0e54dababe8237') in 0.075244 seconds
  Import took 0.086593 seconds .

========================================================================
Received Import Request.
  Time since last request: 92.547223 seconds.
  path: Packages/com.unity.probuilder/Content/Icons/Toolbar/Background/Geo_Pressed_Vertical.png
  artifactKey: Guid(53c57c97fb66b4dad806f2dc1545afea) Importer(815301076,1909f56bfc062723c751e8b465ee728b)
Start importing Packages/com.unity.probuilder/Content/Icons/Toolbar/Background/Geo_Pressed_Vertical.png using Guid(53c57c97fb66b4dad806f2dc1545afea) Importer(815301076,1909f56bfc062723c751e8b465ee728b)  -> (artifact id: 'c20ffffee23e7fb42723592a3aae4141') in 0.036617 seconds
  Import took 0.041611 seconds .

========================================================================
Received Import Request.
  Time since last request: 0.000399 seconds.
  path: Packages/com.unity.probuilder/Content/Icons/Toolbar/HandleAlign_Local.png
  artifactKey: Guid(a187dcc3eec2047b38062e5def2d4dd7) Importer(815301076,1909f56bfc062723c751e8b465ee728b)
Start importing Packages/com.unity.probuilder/Content/Icons/Toolbar/HandleAlign_Local.png using Guid(a187dcc3eec2047b38062e5def2d4dd7) Importer(815301076,1909f56bfc062723c751e8b465ee728b)  -> (artifact id: '3db7c94a5f2e0311c09ee7860c4f5b4e') in 0.056656 seconds
  Import took 0.067994 seconds .

========================================================================
Received Import Request.
  Time since last request: 0.000425 seconds.
  path: Packages/com.unity.probuilder/Content/Icons/Toolbar/Background/Geo_Pressed_Vertical.png
  artifactKey: Guid(53c57c97fb66b4dad806f2dc1545afea) Importer(815301076,1909f56bfc062723c751e8b465ee728b)
Start importing Packages/com.unity.probuilder/Content/Icons/Toolbar/Background/Geo_Pressed_Vertical.png using Guid(53c57c97fb66b4dad806f2dc1545afea) Importer(815301076,1909f56bfc062723c751e8b465ee728b)  -> (artifact id: 'c20ffffee23e7fb42723592a3aae4141') in 0.028683 seconds
  Import took 0.034883 seconds .

========================================================================
Received Import Request.
  Time since last request: 0.000386 seconds.
  path: Packages/com.unity.probuilder/Content/Icons/Toolbar/HandleAlign_Custom.png
  artifactKey: Guid(1ca3f1b1d9b7b4e63bcb89526f13507d) Importer(815301076,1909f56bfc062723c751e8b465ee728b)
Start importing Packages/com.unity.probuilder/Content/Icons/Toolbar/HandleAlign_Custom.png using Guid(1ca3f1b1d9b7b4e63bcb89526f13507d) Importer(815301076,1909f56bfc062723c751e8b465ee728b)  -> (artifact id: 'bf0c5cd5d376406f107625549e81fd72') in 0.013290 seconds
  Import took 0.018674 seconds .

========================================================================
Received Import Request.
  Time since last request: 0.000384 seconds.
  path: Packages/com.unity.probuilder/Content/Icons/Toolbar/Background/Geo_Pressed_Vertical_Light.png
  artifactKey: Guid(743f777c402d949b38db65c82fc0fb64) Importer(815301076,1909f56bfc062723c751e8b465ee728b)
Start importing Packages/com.unity.probuilder/Content/Icons/Toolbar/Background/Geo_Pressed_Vertical_Light.png using Guid(743f777c402d949b38db65c82fc0fb64) Importer(815301076,1909f56bfc062723c751e8b465ee728b)  -> (artifact id: 'cc0ef37ed23ab8475aa128be0bfae2f1') in 0.055191 seconds
  Import took 0.063615 seconds .

========================================================================
Received Import Request.
  Time since last request: 0.000883 seconds.
  path: Packages/com.unity.probuilder/Content/Icons/Toolbar/HandleAlign_Plane.png
  artifactKey: Guid(6d8a0cbf20c07418bbb33ec170d3a000) Importer(815301076,1909f56bfc062723c751e8b465ee728b)
Start importing Packages/com.unity.probuilder/Content/Icons/Toolbar/HandleAlign_Plane.png using Guid(6d8a0cbf20c07418bbb33ec170d3a000) Importer(815301076,1909f56bfc062723c751e8b465ee728b)  -> (artifact id: 'd5bba90a32eaaa6c20e2650a3eb2d0a6') in 0.012959 seconds
  Import took 0.020162 seconds .

